<?xml version="1.0" encoding="UTF-8"?>
<coverage generated="1645862017333" clover="3.2.0">
  <project timestamp="1645862017333" name="All files">
    <metrics statements="175" coveredstatements="57" conditionals="24" coveredconditionals="12" methods="36" coveredmethods="13" elements="235" coveredelements="82" complexity="0" loc="175" ncloc="175" packages="8" files="19" classes="19"/>
    <package name="Enums and Types">
      <metrics statements="0" coveredstatements="0" conditionals="0" coveredconditionals="0" methods="0" coveredmethods="0"/>
      <file name="enums.ts" path="C:\EPAM\full-JS-stack\src\modules\Enums and Types\enums.ts">
        <metrics statements="0" coveredstatements="0" conditionals="0" coveredconditionals="0" methods="0" coveredmethods="0"/>
      </file>
    </package>
    <package name="constants">
      <metrics statements="1" coveredstatements="1" conditionals="0" coveredconditionals="0" methods="0" coveredmethods="0"/>
      <file name="defaultAlbumsAmount.ts" path="C:\EPAM\full-JS-stack\src\modules\constants\defaultAlbumsAmount.ts">
        <metrics statements="1" coveredstatements="1" conditionals="0" coveredconditionals="0" methods="0" coveredmethods="0"/>
        <line num="1" count="4" type="stmt"/>
      </file>
    </package>
    <package name="create elements">
      <metrics statements="22" coveredstatements="16" conditionals="10" coveredconditionals="9" methods="3" coveredmethods="2"/>
      <file name="createElement.ts" path="C:\EPAM\full-JS-stack\src\modules\create elements\createElement.ts">
        <metrics statements="11" coveredstatements="10" conditionals="10" coveredconditionals="9" methods="1" coveredmethods="1"/>
        <line num="11" count="8" type="cond" truecount="2" falsecount="0"/>
        <line num="12" count="4" type="stmt"/>
        <line num="13" count="4" type="stmt"/>
        <line num="14" count="4" type="cond" truecount="2" falsecount="0"/>
        <line num="15" count="2" type="stmt"/>
        <line num="17" count="4" type="cond" truecount="1" falsecount="1"/>
        <line num="18" count="0" type="stmt"/>
        <line num="20" count="4" type="cond" truecount="4" falsecount="0"/>
        <line num="21" count="1" type="stmt"/>
        <line num="23" count="4" type="stmt"/>
        <line num="25" count="4" type="stmt"/>
      </file>
      <file name="createLoadMoreBtn.ts" path="C:\EPAM\full-JS-stack\src\modules\create elements\createLoadMoreBtn.ts">
        <metrics statements="5" coveredstatements="5" conditionals="0" coveredconditionals="0" methods="1" coveredmethods="1"/>
        <line num="4" count="1" type="stmt"/>
        <line num="6" count="1" type="stmt"/>
        <line num="11" count="1" type="stmt"/>
        <line num="12" count="1" type="stmt"/>
        <line num="13" count="1" type="stmt"/>
      </file>
      <file name="onLoadMore.ts" path="C:\EPAM\full-JS-stack\src\modules\create elements\onLoadMore.ts">
        <metrics statements="6" coveredstatements="1" conditionals="0" coveredconditionals="0" methods="1" coveredmethods="0"/>
        <line num="6" count="4" type="stmt"/>
        <line num="9" count="0" type="stmt"/>
        <line num="12" count="0" type="stmt"/>
        <line num="13" count="0" type="stmt"/>
        <line num="18" count="0" type="stmt"/>
        <line num="19" count="0" type="stmt"/>
      </file>
    </package>
    <package name="fetch data">
      <metrics statements="14" coveredstatements="6" conditionals="2" coveredconditionals="0" methods="3" coveredmethods="2"/>
      <file name="fetchAlbumsInfo.ts" path="C:\EPAM\full-JS-stack\src\modules\fetch data\fetchAlbumsInfo.ts">
        <metrics statements="4" coveredstatements="2" conditionals="0" coveredconditionals="0" methods="1" coveredmethods="1"/>
        <line num="3" count="4" type="stmt"/>
        <line num="5" count="1" type="stmt"/>
        <line num="6" count="0" type="stmt"/>
        <line num="7" count="0" type="stmt"/>
      </file>
      <file name="getData.ts" path="C:\EPAM\full-JS-stack\src\modules\fetch data\getData.ts">
        <metrics statements="4" coveredstatements="4" conditionals="0" coveredconditionals="0" methods="1" coveredmethods="1"/>
        <line num="1" count="4" type="stmt"/>
        <line num="2" count="3" type="stmt"/>
        <line num="3" count="2" type="stmt"/>
        <line num="4" count="2" type="stmt"/>
      </file>
      <file name="setThumbnailSource.ts" path="C:\EPAM\full-JS-stack\src\modules\fetch data\setThumbnailSource.ts">
        <metrics statements="6" coveredstatements="0" conditionals="2" coveredconditionals="0" methods="1" coveredmethods="0"/>
        <line num="5" count="0" type="stmt"/>
        <line num="9" count="0" type="stmt"/>
        <line num="10" count="0" type="stmt"/>
        <line num="11" count="0" type="cond" truecount="0" falsecount="2"/>
        <line num="12" count="0" type="stmt"/>
        <line num="14" count="0" type="stmt"/>
      </file>
    </package>
    <package name="helpers">
      <metrics statements="3" coveredstatements="2" conditionals="0" coveredconditionals="0" methods="3" coveredmethods="2"/>
      <file name="shiftNextImageSrc.ts" path="C:\EPAM\full-JS-stack\src\modules\helpers\shiftNextImageSrc.ts">
        <metrics statements="1" coveredstatements="1" conditionals="0" coveredconditionals="0" methods="1" coveredmethods="1"/>
        <line num="4" count="1" type="stmt"/>
      </file>
      <file name="shiftPrevImageSrc.ts" path="C:\EPAM\full-JS-stack\src\modules\helpers\shiftPrevImageSrc.ts">
        <metrics statements="1" coveredstatements="1" conditionals="0" coveredconditionals="0" methods="1" coveredmethods="1"/>
        <line num="4" count="1" type="stmt"/>
      </file>
      <file name="useCorrectIDfromArray.ts" path="C:\EPAM\full-JS-stack\src\modules\helpers\useCorrectIDfromArray.ts">
        <metrics statements="1" coveredstatements="0" conditionals="0" coveredconditionals="0" methods="1" coveredmethods="0"/>
        <line num="2" count="0" type="stmt"/>
      </file>
    </package>
    <package name="render Gallery">
      <metrics statements="80" coveredstatements="16" conditionals="10" coveredconditionals="3" methods="10" coveredmethods="2"/>
      <file name="createBtn.ts" path="C:\EPAM\full-JS-stack\src\modules\render Gallery\createBtn.ts">
        <metrics statements="6" coveredstatements="4" conditionals="0" coveredconditionals="0" methods="2" coveredmethods="1"/>
        <line num="5" count="1" type="stmt"/>
        <line num="7" count="1" type="stmt"/>
        <line num="12" count="1" type="stmt"/>
        <line num="13" count="1" type="stmt"/>
        <line num="14" count="0" type="stmt"/>
        <line num="15" count="0" type="stmt"/>
      </file>
      <file name="renderFullImage.ts" path="C:\EPAM\full-JS-stack\src\modules\render Gallery\renderFullImage.ts">
        <metrics statements="9" coveredstatements="0" conditionals="0" coveredconditionals="0" methods="1" coveredmethods="0"/>
        <line num="5" count="0" type="stmt"/>
        <line num="6" count="0" type="stmt"/>
        <line num="7" count="0" type="stmt"/>
        <line num="8" count="0" type="stmt"/>
        <line num="14" count="0" type="stmt"/>
        <line num="15" count="0" type="stmt"/>
        <line num="16" count="0" type="stmt"/>
        <line num="17" count="0" type="stmt"/>
        <line num="18" count="0" type="stmt"/>
      </file>
      <file name="renderGallery.ts" path="C:\EPAM\full-JS-stack\src\modules\render Gallery\renderGallery.ts">
        <metrics statements="28" coveredstatements="11" conditionals="6" coveredconditionals="3" methods="1" coveredmethods="1"/>
        <line num="12" count="4" type="stmt"/>
        <line num="13" count="4" type="stmt"/>
        <line num="15" count="4" type="stmt"/>
        <line num="18" count="1" type="stmt"/>
        <line num="19" count="1" type="stmt"/>
        <line num="21" count="1" type="cond" truecount="2" falsecount="0"/>
        <line num="24" count="1" type="cond" truecount="1" falsecount="1"/>
        <line num="25" count="0" type="stmt"/>
        <line num="27" count="1" type="stmt"/>
        <line num="34" count="1" type="stmt"/>
        <line num="35" count="1" type="stmt"/>
        <line num="36" count="0" type="stmt"/>
        <line num="40" count="0" type="stmt"/>
        <line num="41" count="0" type="stmt"/>
        <line num="42" count="0" type="stmt"/>
        <line num="46" count="0" type="stmt"/>
        <line num="47" count="0" type="stmt"/>
        <line num="52" count="0" type="stmt"/>
        <line num="53" count="0" type="stmt"/>
        <line num="54" count="0" type="stmt"/>
        <line num="55" count="0" type="stmt"/>
        <line num="56" count="0" type="stmt"/>
        <line num="57" count="0" type="stmt"/>
        <line num="58" count="0" type="stmt"/>
        <line num="60" count="0" type="cond" truecount="0" falsecount="2"/>
        <line num="61" count="0" type="stmt"/>
        <line num="62" count="0" type="stmt"/>
        <line num="65" count="1" type="stmt"/>
      </file>
      <file name="renderImage.ts" path="C:\EPAM\full-JS-stack\src\modules\render Gallery\renderImage.ts">
        <metrics statements="10" coveredstatements="0" conditionals="0" coveredconditionals="0" methods="2" coveredmethods="0"/>
        <line num="6" count="0" type="stmt"/>
        <line num="7" count="0" type="stmt"/>
        <line num="11" count="0" type="stmt"/>
        <line num="12" count="0" type="stmt"/>
        <line num="20" count="0" type="stmt"/>
        <line num="21" count="0" type="stmt"/>
        <line num="23" count="0" type="stmt"/>
        <line num="24" count="0" type="stmt"/>
        <line num="25" count="0" type="stmt"/>
        <line num="26" count="0" type="stmt"/>
      </file>
      <file name="renderModal.ts" path="C:\EPAM\full-JS-stack\src\modules\render Gallery\renderModal.ts">
        <metrics statements="27" coveredstatements="1" conditionals="4" coveredconditionals="0" methods="4" coveredmethods="0"/>
        <line num="8" count="4" type="stmt"/>
        <line num="10" count="0" type="stmt"/>
        <line num="15" count="0" type="stmt"/>
        <line num="20" count="0" type="stmt"/>
        <line num="22" count="0" type="stmt"/>
        <line num="26" count="0" type="stmt"/>
        <line num="28" count="0" type="stmt"/>
        <line num="33" count="0" type="stmt"/>
        <line num="34" count="0" type="stmt"/>
        <line num="35" count="0" type="cond" truecount="0" falsecount="2"/>
        <line num="36" count="0" type="stmt"/>
        <line num="38" count="0" type="stmt"/>
        <line num="46" count="0" type="stmt"/>
        <line num="47" count="0" type="stmt"/>
        <line num="50" count="0" type="stmt"/>
        <line num="55" count="0" type="stmt"/>
        <line num="56" count="0" type="stmt"/>
        <line num="57" count="0" type="cond" truecount="0" falsecount="2"/>
        <line num="58" count="0" type="stmt"/>
        <line num="60" count="0" type="stmt"/>
        <line num="68" count="0" type="stmt"/>
        <line num="69" count="0" type="stmt"/>
        <line num="72" count="0" type="stmt"/>
        <line num="73" count="0" type="stmt"/>
        <line num="74" count="0" type="stmt"/>
        <line num="75" count="0" type="stmt"/>
        <line num="77" count="0" type="stmt"/>
      </file>
    </package>
    <package name="renderAlbums">
      <metrics statements="32" coveredstatements="5" conditionals="0" coveredconditionals="0" methods="3" coveredmethods="1"/>
      <file name="renderAlbumElements.ts" path="C:\EPAM\full-JS-stack\src\modules\renderAlbums\renderAlbumElements.ts">
        <metrics statements="15" coveredstatements="0" conditionals="0" coveredconditionals="0" methods="2" coveredmethods="0"/>
        <line num="7" count="0" type="stmt"/>
        <line num="9" count="0" type="stmt"/>
        <line num="14" count="0" type="stmt"/>
        <line num="15" count="0" type="stmt"/>
        <line num="16" count="0" type="stmt"/>
        <line num="17" count="0" type="stmt"/>
        <line num="18" count="0" type="stmt"/>
        <line num="20" count="0" type="stmt"/>
        <line num="26" count="0" type="stmt"/>
        <line num="27" count="0" type="stmt"/>
        <line num="31" count="0" type="stmt"/>
        <line num="32" count="0" type="stmt"/>
        <line num="37" count="0" type="stmt"/>
        <line num="38" count="0" type="stmt"/>
        <line num="43" count="0" type="stmt"/>
      </file>
      <file name="renderAlbums.ts" path="C:\EPAM\full-JS-stack\src\modules\renderAlbums\renderAlbums.ts">
        <metrics statements="17" coveredstatements="5" conditionals="0" coveredconditionals="0" methods="1" coveredmethods="1"/>
        <line num="10" count="4" type="stmt"/>
        <line num="11" count="4" type="stmt"/>
        <line num="13" count="1" type="stmt"/>
        <line num="14" count="1" type="stmt"/>
        <line num="15" count="0" type="stmt"/>
        <line num="18" count="0" type="stmt"/>
        <line num="22" count="0" type="stmt"/>
        <line num="23" count="0" type="stmt"/>
        <line num="28" count="0" type="stmt"/>
        <line num="29" count="0" type="stmt"/>
        <line num="34" count="0" type="stmt"/>
        <line num="35" count="0" type="stmt"/>
        <line num="39" count="0" type="stmt"/>
        <line num="40" count="0" type="stmt"/>
        <line num="41" count="0" type="stmt"/>
        <line num="42" count="0" type="stmt"/>
        <line num="44" count="1" type="stmt"/>
      </file>
    </package>
    <package name="state">
      <metrics statements="23" coveredstatements="11" conditionals="2" coveredconditionals="0" methods="14" coveredmethods="4"/>
      <file name="state.ts" path="C:\EPAM\full-JS-stack\src\modules\state\state.ts">
        <metrics statements="23" coveredstatements="11" conditionals="2" coveredconditionals="0" methods="14" coveredmethods="4"/>
        <line num="13" count="4" type="stmt"/>
        <line num="18" count="0" type="stmt"/>
        <line num="21" count="1" type="stmt"/>
        <line num="24" count="0" type="stmt"/>
        <line num="26" count="0" type="cond" truecount="0" falsecount="2"/>
        <line num="27" count="0" type="stmt"/>
        <line num="28" count="0" type="stmt"/>
        <line num="30" count="0" type="stmt"/>
        <line num="33" count="0" type="stmt"/>
        <line num="36" count="0" type="stmt"/>
        <line num="39" count="1" type="stmt"/>
        <line num="43" count="4" type="stmt"/>
        <line num="44" count="4" type="stmt"/>
        <line num="48" count="0" type="stmt"/>
        <line num="51" count="4" type="stmt"/>
        <line num="52" count="0" type="stmt"/>
        <line num="54" count="4" type="stmt"/>
        <line num="56" count="4" type="stmt"/>
        <line num="57" count="0" type="stmt"/>
        <line num="59" count="4" type="stmt"/>
        <line num="60" count="4" type="stmt"/>
        <line num="61" count="0" type="stmt"/>
        <line num="63" count="4" type="stmt"/>
      </file>
    </package>
  </project>
</coverage>
