{"C:\\EPAM\\full-JS-stack\\src\\modules\\createBtn.ts": {"path":"C:\\EPAM\\full-JS-stack\\src\\modules\\createBtn.ts","statementMap":{"0":{"start":{"line":5,"column":20},"end":{"line":5,"column":62}},"1":{"start":{"line":7,"column":22},"end":{"line":11,"column":6}},"2":{"start":{"line":12,"column":4},"end":{"line":12,"column":35}},"3":{"start":{"line":13,"column":4},"end":{"line":16,"column":7}},"4":{"start":{"line":14,"column":8},"end":{"line":14,"column":31}},"5":{"start":{"line":15,"column":8},"end":{"line":15,"column":28}},"6":{"start":{"line":17,"column":4},"end":{"line":17,"column":21}}},"fnMap":{"0":{"name":"createBtn","decl":{"start":{"line":4,"column":16},"end":{"line":4,"column":25}},"loc":{"start":{"line":4,"column":28},"end":{"line":18,"column":1}},"line":4},"1":{"name":"(anonymous_1)","decl":{"start":{"line":13,"column":40},"end":{"line":13,"column":41}},"loc":{"start":{"line":13,"column":46},"end":{"line":16,"column":5}},"line":13}},"branchMap":{},"s":{"0":1,"1":1,"2":1,"3":1,"4":0,"5":0,"6":1},"f":{"0":1,"1":0},"b":{},"_coverageSchema":"1a1c01bbd47fc00a2c39e90264f33305004495a9","hash":"fa6001add8b55cad18efdc3ddea6826c6a143b06"}
,"C:\\EPAM\\full-JS-stack\\src\\modules\\createElement.ts": {"path":"C:\\EPAM\\full-JS-stack\\src\\modules\\createElement.ts","statementMap":{"0":{"start":{"line":11,"column":4},"end":{"line":26,"column":5}},"1":{"start":{"line":12,"column":24},"end":{"line":12,"column":57}},"2":{"start":{"line":13,"column":8},"end":{"line":13,"column":47}},"3":{"start":{"line":14,"column":8},"end":{"line":16,"column":9}},"4":{"start":{"line":15,"column":12},"end":{"line":15,"column":44}},"5":{"start":{"line":17,"column":8},"end":{"line":19,"column":9}},"6":{"start":{"line":18,"column":12},"end":{"line":18,"column":34}},"7":{"start":{"line":20,"column":8},"end":{"line":22,"column":9}},"8":{"start":{"line":21,"column":12},"end":{"line":21,"column":67}},"9":{"start":{"line":23,"column":8},"end":{"line":23,"column":23}},"10":{"start":{"line":25,"column":8},"end":{"line":25,"column":20}}},"fnMap":{"0":{"name":"createElement","decl":{"start":{"line":10,"column":9},"end":{"line":10,"column":22}},"loc":{"start":{"line":10,"column":50},"end":{"line":27,"column":1}},"line":10}},"branchMap":{"0":{"loc":{"start":{"line":11,"column":4},"end":{"line":26,"column":5}},"type":"if","locations":[{"start":{"line":11,"column":4},"end":{"line":26,"column":5}},{"start":{"line":24,"column":11},"end":{"line":26,"column":5}}],"line":11},"1":{"loc":{"start":{"line":14,"column":8},"end":{"line":16,"column":9}},"type":"if","locations":[{"start":{"line":14,"column":8},"end":{"line":16,"column":9}},{"start":{},"end":{}}],"line":14},"2":{"loc":{"start":{"line":17,"column":8},"end":{"line":19,"column":9}},"type":"if","locations":[{"start":{"line":17,"column":8},"end":{"line":19,"column":9}},{"start":{},"end":{}}],"line":17},"3":{"loc":{"start":{"line":20,"column":8},"end":{"line":22,"column":9}},"type":"if","locations":[{"start":{"line":20,"column":8},"end":{"line":22,"column":9}},{"start":{},"end":{}}],"line":20},"4":{"loc":{"start":{"line":20,"column":12},"end":{"line":20,"column":46}},"type":"binary-expr","locations":[{"start":{"line":20,"column":12},"end":{"line":20,"column":27}},{"start":{"line":20,"column":31},"end":{"line":20,"column":46}}],"line":20}},"s":{"0":8,"1":4,"2":4,"3":4,"4":2,"5":4,"6":0,"7":4,"8":1,"9":4,"10":4},"f":{"0":8},"b":{"0":[4,4],"1":[2,2],"2":[0,4],"3":[1,3],"4":[4,1]},"_coverageSchema":"1a1c01bbd47fc00a2c39e90264f33305004495a9","hash":"2fdec07e908bea6cf4c801020473d1e08a62b3a1"}
,"C:\\EPAM\\full-JS-stack\\src\\modules\\createLoadMoreBtn.ts": {"path":"C:\\EPAM\\full-JS-stack\\src\\modules\\createLoadMoreBtn.ts","statementMap":{"0":{"start":{"line":4,"column":20},"end":{"line":4,"column":62}},"1":{"start":{"line":6,"column":24},"end":{"line":10,"column":6}},"2":{"start":{"line":11,"column":4},"end":{"line":11,"column":56}},"3":{"start":{"line":12,"column":4},"end":{"line":12,"column":37}},"4":{"start":{"line":13,"column":4},"end":{"line":13,"column":23}}},"fnMap":{"0":{"name":"createLoadMoreBtn","decl":{"start":{"line":3,"column":22},"end":{"line":3,"column":39}},"loc":{"start":{"line":3,"column":66},"end":{"line":14,"column":1}},"line":3}},"branchMap":{},"s":{"0":1,"1":1,"2":1,"3":1,"4":1},"f":{"0":1},"b":{},"_coverageSchema":"1a1c01bbd47fc00a2c39e90264f33305004495a9","hash":"5d57d9b7ef81bf9d21e01dee44831dcc02e8e0af"}
,"C:\\EPAM\\full-JS-stack\\src\\modules\\defaultAlbumsAmount.ts": {"path":"C:\\EPAM\\full-JS-stack\\src\\modules\\defaultAlbumsAmount.ts","statementMap":{"0":{"start":{"line":1,"column":28},"end":{"line":1,"column":29}}},"fnMap":{},"branchMap":{},"s":{"0":4},"f":{},"b":{},"_coverageSchema":"1a1c01bbd47fc00a2c39e90264f33305004495a9","hash":"1975260c38a712ce6f61366542c51131d817da8c"}
,"C:\\EPAM\\full-JS-stack\\src\\modules\\enums.ts": {"path":"C:\\EPAM\\full-JS-stack\\src\\modules\\enums.ts","statementMap":{},"fnMap":{},"branchMap":{},"s":{},"f":{},"b":{},"_coverageSchema":"1a1c01bbd47fc00a2c39e90264f33305004495a9","hash":"5021fcdc02d8d1acc356cec49fd966207bfcd3b8"}
,"C:\\EPAM\\full-JS-stack\\src\\modules\\fetchAlbumsInfo.ts": {"path":"C:\\EPAM\\full-JS-stack\\src\\modules\\fetchAlbumsInfo.ts","statementMap":{"0":{"start":{"line":2,"column":18},"end":{"line":2,"column":64}},"1":{"start":{"line":4,"column":22},"end":{"line":4,"column":46}},"2":{"start":{"line":5,"column":27},"end":{"line":5,"column":52}},"3":{"start":{"line":6,"column":4},"end":{"line":6,"column":55}}},"fnMap":{"0":{"name":"fetchAlbumsInfo","decl":{"start":{"line":3,"column":15},"end":{"line":3,"column":30}},"loc":{"start":{"line":3,"column":33},"end":{"line":7,"column":1}},"line":3}},"branchMap":{},"s":{"0":4,"1":1,"2":0,"3":0},"f":{"0":1},"b":{},"_coverageSchema":"1a1c01bbd47fc00a2c39e90264f33305004495a9","hash":"43f4555594b459b205cc6df4c3ed09880f07aaa9"}
,"C:\\EPAM\\full-JS-stack\\src\\modules\\getData.ts": {"path":"C:\\EPAM\\full-JS-stack\\src\\modules\\getData.ts","statementMap":{"0":{"start":{"line":1,"column":23},"end":{"line":5,"column":1}},"1":{"start":{"line":2,"column":17},"end":{"line":2,"column":33}},"2":{"start":{"line":3,"column":17},"end":{"line":3,"column":34}},"3":{"start":{"line":4,"column":4},"end":{"line":4,"column":16}}},"fnMap":{"0":{"name":"(anonymous_0)","decl":{"start":{"line":1,"column":23},"end":{"line":1,"column":24}},"loc":{"start":{"line":1,"column":46},"end":{"line":5,"column":1}},"line":1}},"branchMap":{},"s":{"0":4,"1":3,"2":2,"3":2},"f":{"0":3},"b":{},"_coverageSchema":"1a1c01bbd47fc00a2c39e90264f33305004495a9","hash":"b9ae41b5dc4184ef4d97af96e2c1400c05eb4976"}
,"C:\\EPAM\\full-JS-stack\\src\\modules\\onLoadMore.ts": {"path":"C:\\EPAM\\full-JS-stack\\src\\modules\\onLoadMore.ts","statementMap":{"0":{"start":{"line":5,"column":18},"end":{"line":5,"column":19}},"1":{"start":{"line":8,"column":29},"end":{"line":10,"column":35}},"2":{"start":{"line":11,"column":26},"end":{"line":11,"column":71}},"3":{"start":{"line":12,"column":22},"end":{"line":16,"column":5}},"4":{"start":{"line":17,"column":4},"end":{"line":17,"column":50}},"5":{"start":{"line":18,"column":4},"end":{"line":18,"column":18}}},"fnMap":{"0":{"name":"onLoadMore","decl":{"start":{"line":7,"column":15},"end":{"line":7,"column":25}},"loc":{"start":{"line":7,"column":28},"end":{"line":19,"column":1}},"line":7}},"branchMap":{},"s":{"0":4,"1":0,"2":0,"3":0,"4":0,"5":0},"f":{"0":0},"b":{},"_coverageSchema":"1a1c01bbd47fc00a2c39e90264f33305004495a9","hash":"e787b2f824ec83aa5c340c6d6dc431812aad28f3"}
,"C:\\EPAM\\full-JS-stack\\src\\modules\\renderFullImage.ts": {"path":"C:\\EPAM\\full-JS-stack\\src\\modules\\renderFullImage.ts","statementMap":{"0":{"start":{"line":4,"column":31},"end":{"line":4,"column":63}},"1":{"start":{"line":5,"column":4},"end":{"line":5,"column":34}},"2":{"start":{"line":6,"column":4},"end":{"line":6,"column":44}},"3":{"start":{"line":7,"column":22},"end":{"line":12,"column":6}},"4":{"start":{"line":13,"column":38},"end":{"line":13,"column":78}},"5":{"start":{"line":14,"column":4},"end":{"line":14,"column":40}},"6":{"start":{"line":15,"column":4},"end":{"line":15,"column":59}},"7":{"start":{"line":16,"column":4},"end":{"line":16,"column":64}},"8":{"start":{"line":17,"column":4},"end":{"line":17,"column":18}}},"fnMap":{"0":{"name":"renderFullImage","decl":{"start":{"line":3,"column":9},"end":{"line":3,"column":24}},"loc":{"start":{"line":3,"column":43},"end":{"line":18,"column":1}},"line":3}},"branchMap":{},"s":{"0":0,"1":0,"2":0,"3":0,"4":0,"5":0,"6":0,"7":0,"8":0},"f":{"0":0},"b":{},"_coverageSchema":"1a1c01bbd47fc00a2c39e90264f33305004495a9","hash":"2059407a3de5bd633dc717f9f742379d4cc6abbe"}
,"C:\\EPAM\\full-JS-stack\\src\\modules\\renderGallery.ts": {"path":"C:\\EPAM\\full-JS-stack\\src\\modules\\renderGallery.ts","statementMap":{"0":{"start":{"line":11,"column":16},"end":{"line":11,"column":58}},"1":{"start":{"line":12,"column":20},"end":{"line":12,"column":55}},"2":{"start":{"line":14,"column":17},"end":{"line":14,"column":18}},"3":{"start":{"line":17,"column":24},"end":{"line":17,"column":31}},"4":{"start":{"line":18,"column":28},"end":{"line":18,"column":39}},"5":{"start":{"line":20,"column":20},"end":{"line":22,"column":49}},"6":{"start":{"line":25,"column":4},"end":{"line":33,"column":5}},"7":{"start":{"line":26,"column":8},"end":{"line":26,"column":33}},"8":{"start":{"line":28,"column":8},"end":{"line":32,"column":10}},"9":{"start":{"line":35,"column":4},"end":{"line":68,"column":5}},"10":{"start":{"line":36,"column":8},"end":{"line":36,"column":31}},"11":{"start":{"line":37,"column":31},"end":{"line":40,"column":10}},"12":{"start":{"line":41,"column":8},"end":{"line":41,"column":44}},"13":{"start":{"line":42,"column":31},"end":{"line":42,"column":77}},"14":{"start":{"line":43,"column":28},"end":{"line":46,"column":10}},"15":{"start":{"line":47,"column":8},"end":{"line":47,"column":48}},"16":{"start":{"line":48,"column":31},"end":{"line":52,"column":10}},"17":{"start":{"line":53,"column":8},"end":{"line":53,"column":48}},"18":{"start":{"line":54,"column":26},"end":{"line":54,"column":41}},"19":{"start":{"line":55,"column":8},"end":{"line":55,"column":17}},"20":{"start":{"line":56,"column":8},"end":{"line":56,"column":43}},"21":{"start":{"line":57,"column":8},"end":{"line":57,"column":59}},"22":{"start":{"line":58,"column":8},"end":{"line":58,"column":20}},"23":{"start":{"line":59,"column":8},"end":{"line":59,"column":63}},"24":{"start":{"line":60,"column":8},"end":{"line":60,"column":68}},"25":{"start":{"line":62,"column":8},"end":{"line":65,"column":9}},"26":{"start":{"line":63,"column":12},"end":{"line":63,"column":66}},"27":{"start":{"line":64,"column":12},"end":{"line":64,"column":62}},"28":{"start":{"line":67,"column":8},"end":{"line":67,"column":54}}},"fnMap":{"0":{"name":"renderGallery","decl":{"start":{"line":16,"column":22},"end":{"line":16,"column":35}},"loc":{"start":{"line":16,"column":38},"end":{"line":69,"column":1}},"line":16}},"branchMap":{"0":{"loc":{"start":{"line":20,"column":20},"end":{"line":22,"column":49}},"type":"cond-expr","locations":[{"start":{"line":21,"column":10},"end":{"line":21,"column":21}},{"start":{"line":22,"column":10},"end":{"line":22,"column":49}}],"line":20},"1":{"loc":{"start":{"line":25,"column":4},"end":{"line":33,"column":5}},"type":"if","locations":[{"start":{"line":25,"column":4},"end":{"line":33,"column":5}},{"start":{"line":27,"column":11},"end":{"line":33,"column":5}}],"line":25},"2":{"loc":{"start":{"line":62,"column":8},"end":{"line":65,"column":9}},"type":"if","locations":[{"start":{"line":62,"column":8},"end":{"line":65,"column":9}},{"start":{},"end":{}}],"line":62}},"s":{"0":4,"1":4,"2":4,"3":1,"4":1,"5":1,"6":1,"7":0,"8":1,"9":1,"10":1,"11":0,"12":0,"13":0,"14":0,"15":0,"16":0,"17":0,"18":0,"19":0,"20":0,"21":0,"22":0,"23":0,"24":0,"25":0,"26":0,"27":0,"28":1},"f":{"0":1},"b":{"0":[0,1],"1":[0,1],"2":[0,0]},"_coverageSchema":"1a1c01bbd47fc00a2c39e90264f33305004495a9","hash":"2d9efe3a963e0628c9b3a8f89e85edcf6ef65a5a"}
,"C:\\EPAM\\full-JS-stack\\src\\modules\\renderImage.ts": {"path":"C:\\EPAM\\full-JS-stack\\src\\modules\\renderImage.ts","statementMap":{"0":{"start":{"line":5,"column":4},"end":{"line":27,"column":5}},"1":{"start":{"line":5,"column":17},"end":{"line":5,"column":18}},"2":{"start":{"line":6,"column":31},"end":{"line":9,"column":10}},"3":{"start":{"line":10,"column":8},"end":{"line":10,"column":44}},"4":{"start":{"line":11,"column":20},"end":{"line":18,"column":10}},"5":{"start":{"line":19,"column":8},"end":{"line":19,"column":43}},"6":{"start":{"line":20,"column":8},"end":{"line":20,"column":42}},"7":{"start":{"line":22,"column":8},"end":{"line":26,"column":11}},"8":{"start":{"line":23,"column":12},"end":{"line":23,"column":53}},"9":{"start":{"line":24,"column":12},"end":{"line":24,"column":76}},"10":{"start":{"line":25,"column":12},"end":{"line":25,"column":55}}},"fnMap":{"0":{"name":"renderImage","decl":{"start":{"line":4,"column":9},"end":{"line":4,"column":20}},"loc":{"start":{"line":4,"column":75},"end":{"line":28,"column":1}},"line":4},"1":{"name":"(anonymous_1)","decl":{"start":{"line":22,"column":40},"end":{"line":22,"column":41}},"loc":{"start":{"line":22,"column":46},"end":{"line":26,"column":9}},"line":22}},"branchMap":{},"s":{"0":0,"1":0,"2":0,"3":0,"4":0,"5":0,"6":0,"7":0,"8":0,"9":0,"10":0},"f":{"0":0,"1":0},"b":{},"_coverageSchema":"1a1c01bbd47fc00a2c39e90264f33305004495a9","hash":"9fc9a463503277e400bf6a57d0ae95d5359aa410"}
,"C:\\EPAM\\full-JS-stack\\src\\modules\\renderModal.ts": {"path":"C:\\EPAM\\full-JS-stack\\src\\modules\\renderModal.ts","statementMap":{"0":{"start":{"line":8,"column":17},"end":{"line":8,"column":18}},"1":{"start":{"line":10,"column":4},"end":{"line":10,"column":13}},"2":{"start":{"line":11,"column":18},"end":{"line":14,"column":6}},"3":{"start":{"line":16,"column":23},"end":{"line":20,"column":6}},"4":{"start":{"line":21,"column":4},"end":{"line":21,"column":34}},"5":{"start":{"line":23,"column":25},"end":{"line":26,"column":6}},"6":{"start":{"line":27,"column":4},"end":{"line":27,"column":36}},"7":{"start":{"line":29,"column":22},"end":{"line":33,"column":6}},"8":{"start":{"line":34,"column":4},"end":{"line":34,"column":33}},"9":{"start":{"line":35,"column":4},"end":{"line":49,"column":7}},"10":{"start":{"line":36,"column":8},"end":{"line":38,"column":9}},"11":{"start":{"line":37,"column":12},"end":{"line":37,"column":27}},"12":{"start":{"line":39,"column":8},"end":{"line":46,"column":11}},"13":{"start":{"line":47,"column":8},"end":{"line":47,"column":44}},"14":{"start":{"line":48,"column":8},"end":{"line":48,"column":36}},"15":{"start":{"line":51,"column":26},"end":{"line":55,"column":6}},"16":{"start":{"line":56,"column":4},"end":{"line":56,"column":37}},"17":{"start":{"line":57,"column":4},"end":{"line":71,"column":7}},"18":{"start":{"line":58,"column":8},"end":{"line":60,"column":9}},"19":{"start":{"line":59,"column":12},"end":{"line":59,"column":48}},"20":{"start":{"line":61,"column":8},"end":{"line":68,"column":11}},"21":{"start":{"line":69,"column":8},"end":{"line":69,"column":44}},"22":{"start":{"line":70,"column":8},"end":{"line":70,"column":36}},"23":{"start":{"line":73,"column":4},"end":{"line":77,"column":7}},"24":{"start":{"line":74,"column":8},"end":{"line":74,"column":37}},"25":{"start":{"line":75,"column":8},"end":{"line":75,"column":46}},"26":{"start":{"line":76,"column":8},"end":{"line":76,"column":68}},"27":{"start":{"line":78,"column":4},"end":{"line":78,"column":37}}},"fnMap":{"0":{"name":"renderModalWindow","decl":{"start":{"line":9,"column":9},"end":{"line":9,"column":26}},"loc":{"start":{"line":9,"column":60},"end":{"line":79,"column":1}},"line":9},"1":{"name":"(anonymous_1)","decl":{"start":{"line":35,"column":40},"end":{"line":35,"column":41}},"loc":{"start":{"line":35,"column":52},"end":{"line":49,"column":5}},"line":35},"2":{"name":"(anonymous_2)","decl":{"start":{"line":57,"column":44},"end":{"line":57,"column":45}},"loc":{"start":{"line":57,"column":56},"end":{"line":71,"column":5}},"line":57},"3":{"name":"(anonymous_3)","decl":{"start":{"line":73,"column":41},"end":{"line":73,"column":42}},"loc":{"start":{"line":73,"column":47},"end":{"line":77,"column":5}},"line":73}},"branchMap":{"0":{"loc":{"start":{"line":36,"column":8},"end":{"line":38,"column":9}},"type":"if","locations":[{"start":{"line":36,"column":8},"end":{"line":38,"column":9}},{"start":{},"end":{}}],"line":36},"1":{"loc":{"start":{"line":58,"column":8},"end":{"line":60,"column":9}},"type":"if","locations":[{"start":{"line":58,"column":8},"end":{"line":60,"column":9}},{"start":{},"end":{}}],"line":58}},"s":{"0":4,"1":0,"2":0,"3":0,"4":0,"5":0,"6":0,"7":0,"8":0,"9":0,"10":0,"11":0,"12":0,"13":0,"14":0,"15":0,"16":0,"17":0,"18":0,"19":0,"20":0,"21":0,"22":0,"23":0,"24":0,"25":0,"26":0,"27":0},"f":{"0":0,"1":0,"2":0,"3":0},"b":{"0":[0,0],"1":[0,0]},"_coverageSchema":"1a1c01bbd47fc00a2c39e90264f33305004495a9","hash":"3d7033c801c05488d56b4545581e8cd954216a6d"}
,"C:\\EPAM\\full-JS-stack\\src\\modules\\setThumbnailSource.ts": {"path":"C:\\EPAM\\full-JS-stack\\src\\modules\\setThumbnailSource.ts","statementMap":{"0":{"start":{"line":5,"column":22},"end":{"line":7,"column":5}},"1":{"start":{"line":9,"column":19},"end":{"line":9,"column":44}},"2":{"start":{"line":10,"column":4},"end":{"line":10,"column":48}},"3":{"start":{"line":11,"column":4},"end":{"line":13,"column":5}},"4":{"start":{"line":12,"column":8},"end":{"line":12,"column":22}},"5":{"start":{"line":14,"column":4},"end":{"line":14,"column":14}}},"fnMap":{"0":{"name":"setThumbnailSource","decl":{"start":{"line":4,"column":22},"end":{"line":4,"column":40}},"loc":{"start":{"line":4,"column":58},"end":{"line":15,"column":1}},"line":4}},"branchMap":{"0":{"loc":{"start":{"line":11,"column":4},"end":{"line":13,"column":5}},"type":"if","locations":[{"start":{"line":11,"column":4},"end":{"line":13,"column":5}},{"start":{},"end":{}}],"line":11}},"s":{"0":0,"1":0,"2":0,"3":0,"4":0,"5":0},"f":{"0":0},"b":{"0":[0,0]},"_coverageSchema":"1a1c01bbd47fc00a2c39e90264f33305004495a9","hash":"050cbffb4410cd952c755f4f9dff19d7b2c305e2"}
,"C:\\EPAM\\full-JS-stack\\src\\modules\\shiftNextImageSrc.ts": {"path":"C:\\EPAM\\full-JS-stack\\src\\modules\\shiftNextImageSrc.ts","statementMap":{"0":{"start":{"line":4,"column":4},"end":{"line":4,"column":26}}},"fnMap":{"0":{"name":"shiftNextImgSrc","decl":{"start":{"line":3,"column":9},"end":{"line":3,"column":24}},"loc":{"start":{"line":3,"column":45},"end":{"line":5,"column":1}},"line":3}},"branchMap":{},"s":{"0":1},"f":{"0":1},"b":{},"_coverageSchema":"1a1c01bbd47fc00a2c39e90264f33305004495a9","hash":"8577e9cc869c8a107fe662a0890d3d293ae33d2c"}
,"C:\\EPAM\\full-JS-stack\\src\\modules\\shiftPrevImageSrc.ts": {"path":"C:\\EPAM\\full-JS-stack\\src\\modules\\shiftPrevImageSrc.ts","statementMap":{"0":{"start":{"line":3,"column":4},"end":{"line":3,"column":26}}},"fnMap":{"0":{"name":"shiftPrevImgSrc","decl":{"start":{"line":2,"column":9},"end":{"line":2,"column":24}},"loc":{"start":{"line":2,"column":45},"end":{"line":4,"column":1}},"line":2}},"branchMap":{},"s":{"0":1},"f":{"0":1},"b":{},"_coverageSchema":"1a1c01bbd47fc00a2c39e90264f33305004495a9","hash":"f770a54e56edd092f01c914ffaa442814ff8b01d"}
,"C:\\EPAM\\full-JS-stack\\src\\modules\\state.ts": {"path":"C:\\EPAM\\full-JS-stack\\src\\modules\\state.ts","statementMap":{"0":{"start":{"line":12,"column":4},"end":{"line":40,"column":1}},"1":{"start":{"line":17,"column":8},"end":{"line":17,"column":69}},"2":{"start":{"line":20,"column":8},"end":{"line":20,"column":28}},"3":{"start":{"line":23,"column":8},"end":{"line":23,"column":28}},"4":{"start":{"line":25,"column":8},"end":{"line":28,"column":9}},"5":{"start":{"line":26,"column":12},"end":{"line":26,"column":28}},"6":{"start":{"line":27,"column":12},"end":{"line":27,"column":19}},"7":{"start":{"line":29,"column":8},"end":{"line":29,"column":23}},"8":{"start":{"line":32,"column":8},"end":{"line":32,"column":28}},"9":{"start":{"line":35,"column":8},"end":{"line":35,"column":32}},"10":{"start":{"line":38,"column":8},"end":{"line":38,"column":24}},"11":{"start":{"line":42,"column":29},"end":{"line":42,"column":70}},"12":{"start":{"line":42,"column":59},"end":{"line":42,"column":70}},"13":{"start":{"line":43,"column":29},"end":{"line":49,"column":1}},"14":{"start":{"line":47,"column":4},"end":{"line":47,"column":79}},"15":{"start":{"line":50,"column":25},"end":{"line":52,"column":1}},"16":{"start":{"line":51,"column":4},"end":{"line":51,"column":25}},"17":{"start":{"line":53,"column":25},"end":{"line":53,"column":43}},"18":{"start":{"line":53,"column":31},"end":{"line":53,"column":43}},"19":{"start":{"line":55,"column":21},"end":{"line":57,"column":1}},"20":{"start":{"line":56,"column":4},"end":{"line":56,"column":21}},"21":{"start":{"line":58,"column":21},"end":{"line":58,"column":35}},"22":{"start":{"line":58,"column":27},"end":{"line":58,"column":35}},"23":{"start":{"line":59,"column":25},"end":{"line":61,"column":1}},"24":{"start":{"line":60,"column":4},"end":{"line":60,"column":25}},"25":{"start":{"line":62,"column":25},"end":{"line":62,"column":43}},"26":{"start":{"line":62,"column":31},"end":{"line":62,"column":43}}},"fnMap":{"0":{"name":"(anonymous_0)","decl":{"start":{"line":16,"column":4},"end":{"line":16,"column":5}},"loc":{"start":{"line":16,"column":23},"end":{"line":18,"column":5}},"line":16},"1":{"name":"(anonymous_1)","decl":{"start":{"line":19,"column":4},"end":{"line":19,"column":5}},"loc":{"start":{"line":19,"column":17},"end":{"line":21,"column":5}},"line":19},"2":{"name":"(anonymous_2)","decl":{"start":{"line":22,"column":4},"end":{"line":22,"column":5}},"loc":{"start":{"line":22,"column":21},"end":{"line":30,"column":5}},"line":22},"3":{"name":"(anonymous_3)","decl":{"start":{"line":31,"column":4},"end":{"line":31,"column":5}},"loc":{"start":{"line":31,"column":17},"end":{"line":33,"column":5}},"line":31},"4":{"name":"(anonymous_4)","decl":{"start":{"line":34,"column":4},"end":{"line":34,"column":5}},"loc":{"start":{"line":34,"column":17},"end":{"line":36,"column":5}},"line":34},"5":{"name":"(anonymous_5)","decl":{"start":{"line":37,"column":4},"end":{"line":37,"column":5}},"loc":{"start":{"line":37,"column":21},"end":{"line":39,"column":5}},"line":37},"6":{"name":"(anonymous_6)","decl":{"start":{"line":42,"column":29},"end":{"line":42,"column":30}},"loc":{"start":{"line":42,"column":59},"end":{"line":42,"column":70}},"line":42},"7":{"name":"(anonymous_7)","decl":{"start":{"line":43,"column":29},"end":{"line":43,"column":30}},"loc":{"start":{"line":46,"column":5},"end":{"line":49,"column":1}},"line":46},"8":{"name":"(anonymous_8)","decl":{"start":{"line":50,"column":25},"end":{"line":50,"column":26}},"loc":{"start":{"line":50,"column":66},"end":{"line":52,"column":1}},"line":50},"9":{"name":"(anonymous_9)","decl":{"start":{"line":53,"column":25},"end":{"line":53,"column":26}},"loc":{"start":{"line":53,"column":31},"end":{"line":53,"column":43}},"line":53},"10":{"name":"(anonymous_10)","decl":{"start":{"line":55,"column":21},"end":{"line":55,"column":22}},"loc":{"start":{"line":55,"column":47},"end":{"line":57,"column":1}},"line":55},"11":{"name":"(anonymous_11)","decl":{"start":{"line":58,"column":21},"end":{"line":58,"column":22}},"loc":{"start":{"line":58,"column":27},"end":{"line":58,"column":35}},"line":58},"12":{"name":"(anonymous_12)","decl":{"start":{"line":59,"column":25},"end":{"line":59,"column":26}},"loc":{"start":{"line":59,"column":44},"end":{"line":61,"column":1}},"line":59},"13":{"name":"(anonymous_13)","decl":{"start":{"line":62,"column":25},"end":{"line":62,"column":26}},"loc":{"start":{"line":62,"column":31},"end":{"line":62,"column":43}},"line":62}},"branchMap":{"0":{"loc":{"start":{"line":25,"column":8},"end":{"line":28,"column":9}},"type":"if","locations":[{"start":{"line":25,"column":8},"end":{"line":28,"column":9}},{"start":{},"end":{}}],"line":25}},"s":{"0":4,"1":0,"2":1,"3":0,"4":0,"5":0,"6":0,"7":0,"8":0,"9":0,"10":1,"11":4,"12":0,"13":4,"14":0,"15":4,"16":0,"17":4,"18":1,"19":4,"20":0,"21":4,"22":1,"23":4,"24":0,"25":4,"26":0},"f":{"0":0,"1":1,"2":0,"3":0,"4":0,"5":1,"6":0,"7":0,"8":0,"9":1,"10":0,"11":1,"12":0,"13":0},"b":{"0":[0,0]},"_coverageSchema":"1a1c01bbd47fc00a2c39e90264f33305004495a9","hash":"56e7a84ea7b4d104341b112ad9e396add7c47b50"}
,"C:\\EPAM\\full-JS-stack\\src\\modules\\useCorrectIDfromArray.ts": {"path":"C:\\EPAM\\full-JS-stack\\src\\modules\\useCorrectIDfromArray.ts","statementMap":{"0":{"start":{"line":2,"column":4},"end":{"line":2,"column":23}}},"fnMap":{"0":{"name":"useCorrectIDfromArray","decl":{"start":{"line":1,"column":9},"end":{"line":1,"column":30}},"loc":{"start":{"line":1,"column":48},"end":{"line":3,"column":1}},"line":1}},"branchMap":{},"s":{"0":0},"f":{"0":0},"b":{},"_coverageSchema":"1a1c01bbd47fc00a2c39e90264f33305004495a9","hash":"32157e9f09144a8711142b405efdb5b8e5e6a872"}
,"C:\\EPAM\\full-JS-stack\\src\\modules\\renderAlbums\\renderAlbumElements.ts": {"path":"C:\\EPAM\\full-JS-stack\\src\\modules\\renderAlbums\\renderAlbumElements.ts","statementMap":{"0":{"start":{"line":7,"column":4},"end":{"line":44,"column":5}},"1":{"start":{"line":7,"column":17},"end":{"line":7,"column":18}},"2":{"start":{"line":9,"column":22},"end":{"line":13,"column":10}},"3":{"start":{"line":14,"column":8},"end":{"line":14,"column":41}},"4":{"start":{"line":15,"column":8},"end":{"line":19,"column":11}},"5":{"start":{"line":16,"column":12},"end":{"line":16,"column":31}},"6":{"start":{"line":17,"column":12},"end":{"line":17,"column":33}},"7":{"start":{"line":18,"column":12},"end":{"line":18,"column":54}},"8":{"start":{"line":20,"column":26},"end":{"line":25,"column":10}},"9":{"start":{"line":26,"column":8},"end":{"line":26,"column":37}},"10":{"start":{"line":27,"column":26},"end":{"line":30,"column":10}},"11":{"start":{"line":31,"column":8},"end":{"line":31,"column":37}},"12":{"start":{"line":32,"column":24},"end":{"line":36,"column":10}},"13":{"start":{"line":37,"column":8},"end":{"line":37,"column":39}},"14":{"start":{"line":38,"column":19},"end":{"line":42,"column":10}},"15":{"start":{"line":43,"column":8},"end":{"line":43,"column":34}}},"fnMap":{"0":{"name":"renderAlbumElements","decl":{"start":{"line":6,"column":15},"end":{"line":6,"column":34}},"loc":{"start":{"line":6,"column":75},"end":{"line":45,"column":1}},"line":6},"1":{"name":"(anonymous_1)","decl":{"start":{"line":15,"column":40},"end":{"line":15,"column":41}},"loc":{"start":{"line":15,"column":46},"end":{"line":19,"column":9}},"line":15}},"branchMap":{},"s":{"0":0,"1":0,"2":0,"3":0,"4":0,"5":0,"6":0,"7":0,"8":0,"9":0,"10":0,"11":0,"12":0,"13":0,"14":0,"15":0},"f":{"0":0,"1":0},"b":{},"_coverageSchema":"1a1c01bbd47fc00a2c39e90264f33305004495a9","hash":"4a3558362b891b4f1be33578c4fea6dd9bef36f5"}
,"C:\\EPAM\\full-JS-stack\\src\\modules\\renderAlbums\\renderAlbums.ts": {"path":"C:\\EPAM\\full-JS-stack\\src\\modules\\renderAlbums\\renderAlbums.ts","statementMap":{"0":{"start":{"line":10,"column":16},"end":{"line":10,"column":58}},"1":{"start":{"line":11,"column":18},"end":{"line":11,"column":20}},"2":{"start":{"line":13,"column":4},"end":{"line":45,"column":5}},"3":{"start":{"line":14,"column":8},"end":{"line":14,"column":32}},"4":{"start":{"line":15,"column":32},"end":{"line":17,"column":39}},"5":{"start":{"line":18,"column":25},"end":{"line":21,"column":10}},"6":{"start":{"line":22,"column":8},"end":{"line":22,"column":38}},"7":{"start":{"line":23,"column":27},"end":{"line":27,"column":10}},"8":{"start":{"line":28,"column":8},"end":{"line":28,"column":41}},"9":{"start":{"line":29,"column":32},"end":{"line":33,"column":10}},"10":{"start":{"line":34,"column":8},"end":{"line":34,"column":46}},"11":{"start":{"line":35,"column":30},"end":{"line":38,"column":10}},"12":{"start":{"line":39,"column":8},"end":{"line":39,"column":43}},"13":{"start":{"line":40,"column":8},"end":{"line":40,"column":51}},"14":{"start":{"line":41,"column":8},"end":{"line":41,"column":38}},"15":{"start":{"line":42,"column":8},"end":{"line":42,"column":62}},"16":{"start":{"line":44,"column":8},"end":{"line":44,"column":47}}},"fnMap":{"0":{"name":"renderAlbums","decl":{"start":{"line":12,"column":22},"end":{"line":12,"column":34}},"loc":{"start":{"line":12,"column":37},"end":{"line":46,"column":1}},"line":12}},"branchMap":{},"s":{"0":4,"1":4,"2":1,"3":1,"4":0,"5":0,"6":0,"7":0,"8":0,"9":0,"10":0,"11":0,"12":0,"13":0,"14":0,"15":0,"16":1},"f":{"0":1},"b":{},"_coverageSchema":"1a1c01bbd47fc00a2c39e90264f33305004495a9","hash":"32db2d6b63bbb72cfe8174d777e16976622aec25"}
}
