{"C:\\EPAM\\full-JS-stack\\src\\modules\\Enums and Types\\enums.ts": {"path":"C:\\EPAM\\full-JS-stack\\src\\modules\\Enums and Types\\enums.ts","statementMap":{},"fnMap":{},"branchMap":{},"s":{},"f":{},"b":{},"_coverageSchema":"1a1c01bbd47fc00a2c39e90264f33305004495a9","hash":"51ec7d7d89f02b4cd63913ff1b3b0bc1b8065b49"}
,"C:\\EPAM\\full-JS-stack\\src\\modules\\constants\\defaultAlbumsAmount.ts": {"path":"C:\\EPAM\\full-JS-stack\\src\\modules\\constants\\defaultAlbumsAmount.ts","statementMap":{"0":{"start":{"line":1,"column":28},"end":{"line":1,"column":29}}},"fnMap":{},"branchMap":{},"s":{"0":4},"f":{},"b":{},"_coverageSchema":"1a1c01bbd47fc00a2c39e90264f33305004495a9","hash":"6aebc0e400d7d4eaeb86ef6faa6db7802cc7c978"}
,"C:\\EPAM\\full-JS-stack\\src\\modules\\create elements\\createElement.ts": {"path":"C:\\EPAM\\full-JS-stack\\src\\modules\\create elements\\createElement.ts","statementMap":{"0":{"start":{"line":11,"column":4},"end":{"line":24,"column":5}},"1":{"start":{"line":12,"column":24},"end":{"line":12,"column":57}},"2":{"start":{"line":13,"column":8},"end":{"line":13,"column":47}},"3":{"start":{"line":14,"column":8},"end":{"line":16,"column":9}},"4":{"start":{"line":15,"column":12},"end":{"line":15,"column":44}},"5":{"start":{"line":17,"column":8},"end":{"line":19,"column":9}},"6":{"start":{"line":18,"column":12},"end":{"line":18,"column":34}},"7":{"start":{"line":20,"column":8},"end":{"line":22,"column":9}},"8":{"start":{"line":21,"column":12},"end":{"line":21,"column":67}},"9":{"start":{"line":23,"column":8},"end":{"line":23,"column":23}},"10":{"start":{"line":25,"column":4},"end":{"line":25,"column":16}}},"fnMap":{"0":{"name":"createElement","decl":{"start":{"line":10,"column":9},"end":{"line":10,"column":22}},"loc":{"start":{"line":10,"column":50},"end":{"line":26,"column":1}},"line":10}},"branchMap":{"0":{"loc":{"start":{"line":11,"column":4},"end":{"line":24,"column":5}},"type":"if","locations":[{"start":{"line":11,"column":4},"end":{"line":24,"column":5}},{"start":{},"end":{}}],"line":11},"1":{"loc":{"start":{"line":14,"column":8},"end":{"line":16,"column":9}},"type":"if","locations":[{"start":{"line":14,"column":8},"end":{"line":16,"column":9}},{"start":{},"end":{}}],"line":14},"2":{"loc":{"start":{"line":17,"column":8},"end":{"line":19,"column":9}},"type":"if","locations":[{"start":{"line":17,"column":8},"end":{"line":19,"column":9}},{"start":{},"end":{}}],"line":17},"3":{"loc":{"start":{"line":20,"column":8},"end":{"line":22,"column":9}},"type":"if","locations":[{"start":{"line":20,"column":8},"end":{"line":22,"column":9}},{"start":{},"end":{}}],"line":20},"4":{"loc":{"start":{"line":20,"column":12},"end":{"line":20,"column":46}},"type":"binary-expr","locations":[{"start":{"line":20,"column":12},"end":{"line":20,"column":27}},{"start":{"line":20,"column":31},"end":{"line":20,"column":46}}],"line":20}},"s":{"0":8,"1":4,"2":4,"3":4,"4":2,"5":4,"6":0,"7":4,"8":1,"9":4,"10":4},"f":{"0":8},"b":{"0":[4,4],"1":[2,2],"2":[0,4],"3":[1,3],"4":[4,1]},"_coverageSchema":"1a1c01bbd47fc00a2c39e90264f33305004495a9","hash":"158a3f788d7fd94a0932477394ee66cf14ec5352"}
,"C:\\EPAM\\full-JS-stack\\src\\modules\\create elements\\createLoadMoreBtn.ts": {"path":"C:\\EPAM\\full-JS-stack\\src\\modules\\create elements\\createLoadMoreBtn.ts","statementMap":{"0":{"start":{"line":4,"column":20},"end":{"line":4,"column":62}},"1":{"start":{"line":6,"column":24},"end":{"line":10,"column":6}},"2":{"start":{"line":11,"column":4},"end":{"line":11,"column":56}},"3":{"start":{"line":12,"column":4},"end":{"line":12,"column":37}},"4":{"start":{"line":13,"column":4},"end":{"line":13,"column":23}}},"fnMap":{"0":{"name":"createLoadMoreBtn","decl":{"start":{"line":3,"column":22},"end":{"line":3,"column":39}},"loc":{"start":{"line":3,"column":66},"end":{"line":14,"column":1}},"line":3}},"branchMap":{},"s":{"0":1,"1":1,"2":1,"3":1,"4":1},"f":{"0":1},"b":{},"_coverageSchema":"1a1c01bbd47fc00a2c39e90264f33305004495a9","hash":"9ab1312436739635d7b81f5d18ff74447cdaef38"}
,"C:\\EPAM\\full-JS-stack\\src\\modules\\create elements\\onLoadMore.ts": {"path":"C:\\EPAM\\full-JS-stack\\src\\modules\\create elements\\onLoadMore.ts","statementMap":{"0":{"start":{"line":6,"column":18},"end":{"line":6,"column":19}},"1":{"start":{"line":9,"column":29},"end":{"line":11,"column":35}},"2":{"start":{"line":12,"column":26},"end":{"line":12,"column":71}},"3":{"start":{"line":13,"column":22},"end":{"line":17,"column":5}},"4":{"start":{"line":18,"column":4},"end":{"line":18,"column":50}},"5":{"start":{"line":19,"column":4},"end":{"line":19,"column":18}}},"fnMap":{"0":{"name":"onLoadMore","decl":{"start":{"line":8,"column":15},"end":{"line":8,"column":25}},"loc":{"start":{"line":8,"column":28},"end":{"line":20,"column":1}},"line":8}},"branchMap":{},"s":{"0":4,"1":0,"2":0,"3":0,"4":0,"5":0},"f":{"0":0},"b":{},"_coverageSchema":"1a1c01bbd47fc00a2c39e90264f33305004495a9","hash":"566babc9b2f03b2de4522c684a8db8e002cdd97d"}
,"C:\\EPAM\\full-JS-stack\\src\\modules\\fetch data\\fetchAlbumsInfo.ts": {"path":"C:\\EPAM\\full-JS-stack\\src\\modules\\fetch data\\fetchAlbumsInfo.ts","statementMap":{"0":{"start":{"line":3,"column":18},"end":{"line":3,"column":64}},"1":{"start":{"line":5,"column":22},"end":{"line":5,"column":46}},"2":{"start":{"line":6,"column":27},"end":{"line":6,"column":52}},"3":{"start":{"line":7,"column":4},"end":{"line":7,"column":55}}},"fnMap":{"0":{"name":"fetchAlbumsInfo","decl":{"start":{"line":4,"column":15},"end":{"line":4,"column":30}},"loc":{"start":{"line":4,"column":33},"end":{"line":8,"column":1}},"line":4}},"branchMap":{},"s":{"0":4,"1":1,"2":0,"3":0},"f":{"0":1},"b":{},"_coverageSchema":"1a1c01bbd47fc00a2c39e90264f33305004495a9","hash":"302ea4378a0279d02bead5145fa91332f73b991c"}
,"C:\\EPAM\\full-JS-stack\\src\\modules\\fetch data\\getData.ts": {"path":"C:\\EPAM\\full-JS-stack\\src\\modules\\fetch data\\getData.ts","statementMap":{"0":{"start":{"line":1,"column":23},"end":{"line":5,"column":1}},"1":{"start":{"line":2,"column":17},"end":{"line":2,"column":33}},"2":{"start":{"line":3,"column":17},"end":{"line":3,"column":34}},"3":{"start":{"line":4,"column":4},"end":{"line":4,"column":16}}},"fnMap":{"0":{"name":"(anonymous_0)","decl":{"start":{"line":1,"column":23},"end":{"line":1,"column":24}},"loc":{"start":{"line":1,"column":46},"end":{"line":5,"column":1}},"line":1}},"branchMap":{},"s":{"0":4,"1":3,"2":2,"3":2},"f":{"0":3},"b":{},"_coverageSchema":"1a1c01bbd47fc00a2c39e90264f33305004495a9","hash":"bf9758f93236ce14e0cb5ee0b405055c39bbdd86"}
,"C:\\EPAM\\full-JS-stack\\src\\modules\\fetch data\\setThumbnailSource.ts": {"path":"C:\\EPAM\\full-JS-stack\\src\\modules\\fetch data\\setThumbnailSource.ts","statementMap":{"0":{"start":{"line":5,"column":22},"end":{"line":7,"column":5}},"1":{"start":{"line":9,"column":19},"end":{"line":9,"column":44}},"2":{"start":{"line":10,"column":4},"end":{"line":10,"column":48}},"3":{"start":{"line":11,"column":4},"end":{"line":13,"column":5}},"4":{"start":{"line":12,"column":8},"end":{"line":12,"column":22}},"5":{"start":{"line":14,"column":4},"end":{"line":14,"column":14}}},"fnMap":{"0":{"name":"setThumbnailSource","decl":{"start":{"line":4,"column":22},"end":{"line":4,"column":40}},"loc":{"start":{"line":4,"column":58},"end":{"line":15,"column":1}},"line":4}},"branchMap":{"0":{"loc":{"start":{"line":11,"column":4},"end":{"line":13,"column":5}},"type":"if","locations":[{"start":{"line":11,"column":4},"end":{"line":13,"column":5}},{"start":{},"end":{}}],"line":11}},"s":{"0":0,"1":0,"2":0,"3":0,"4":0,"5":0},"f":{"0":0},"b":{"0":[0,0]},"_coverageSchema":"1a1c01bbd47fc00a2c39e90264f33305004495a9","hash":"f38e7001e2dc90333df57e290eb3d50f4fcbd1be"}
,"C:\\EPAM\\full-JS-stack\\src\\modules\\helpers\\shiftNextImageSrc.ts": {"path":"C:\\EPAM\\full-JS-stack\\src\\modules\\helpers\\shiftNextImageSrc.ts","statementMap":{"0":{"start":{"line":4,"column":4},"end":{"line":4,"column":26}}},"fnMap":{"0":{"name":"shiftNextImgSrc","decl":{"start":{"line":3,"column":9},"end":{"line":3,"column":24}},"loc":{"start":{"line":3,"column":45},"end":{"line":5,"column":1}},"line":3}},"branchMap":{},"s":{"0":1},"f":{"0":1},"b":{},"_coverageSchema":"1a1c01bbd47fc00a2c39e90264f33305004495a9","hash":"29612e24dba92a34ee4aa60e9fc40ccdc1870eba"}
,"C:\\EPAM\\full-JS-stack\\src\\modules\\helpers\\shiftPrevImageSrc.ts": {"path":"C:\\EPAM\\full-JS-stack\\src\\modules\\helpers\\shiftPrevImageSrc.ts","statementMap":{"0":{"start":{"line":4,"column":4},"end":{"line":4,"column":26}}},"fnMap":{"0":{"name":"shiftPrevImgSrc","decl":{"start":{"line":3,"column":9},"end":{"line":3,"column":24}},"loc":{"start":{"line":3,"column":45},"end":{"line":5,"column":1}},"line":3}},"branchMap":{},"s":{"0":1},"f":{"0":1},"b":{},"_coverageSchema":"1a1c01bbd47fc00a2c39e90264f33305004495a9","hash":"00b0471db737389cd9677390d93fbdf21c2ecae8"}
,"C:\\EPAM\\full-JS-stack\\src\\modules\\helpers\\useCorrectIDfromArray.ts": {"path":"C:\\EPAM\\full-JS-stack\\src\\modules\\helpers\\useCorrectIDfromArray.ts","statementMap":{"0":{"start":{"line":2,"column":4},"end":{"line":2,"column":23}}},"fnMap":{"0":{"name":"useCorrectIDfromArray","decl":{"start":{"line":1,"column":9},"end":{"line":1,"column":30}},"loc":{"start":{"line":1,"column":48},"end":{"line":3,"column":1}},"line":1}},"branchMap":{},"s":{"0":0},"f":{"0":0},"b":{},"_coverageSchema":"1a1c01bbd47fc00a2c39e90264f33305004495a9","hash":"4823d651fb7849c3366f8e29d4e815f7e11f75eb"}
,"C:\\EPAM\\full-JS-stack\\src\\modules\\render Gallery\\createBtn.ts": {"path":"C:\\EPAM\\full-JS-stack\\src\\modules\\render Gallery\\createBtn.ts","statementMap":{"0":{"start":{"line":5,"column":20},"end":{"line":5,"column":62}},"1":{"start":{"line":7,"column":22},"end":{"line":11,"column":6}},"2":{"start":{"line":12,"column":4},"end":{"line":12,"column":35}},"3":{"start":{"line":13,"column":4},"end":{"line":16,"column":7}},"4":{"start":{"line":14,"column":8},"end":{"line":14,"column":31}},"5":{"start":{"line":15,"column":8},"end":{"line":15,"column":28}}},"fnMap":{"0":{"name":"createBtn","decl":{"start":{"line":4,"column":16},"end":{"line":4,"column":25}},"loc":{"start":{"line":4,"column":28},"end":{"line":17,"column":1}},"line":4},"1":{"name":"(anonymous_1)","decl":{"start":{"line":13,"column":40},"end":{"line":13,"column":41}},"loc":{"start":{"line":13,"column":46},"end":{"line":16,"column":5}},"line":13}},"branchMap":{},"s":{"0":1,"1":1,"2":1,"3":1,"4":0,"5":0},"f":{"0":1,"1":0},"b":{},"_coverageSchema":"1a1c01bbd47fc00a2c39e90264f33305004495a9","hash":"d81eb86c7d39bd76d5d3b715c93bdb2e45b26f33"}
,"C:\\EPAM\\full-JS-stack\\src\\modules\\render Gallery\\renderFullImage.ts": {"path":"C:\\EPAM\\full-JS-stack\\src\\modules\\render Gallery\\renderFullImage.ts","statementMap":{"0":{"start":{"line":5,"column":31},"end":{"line":5,"column":63}},"1":{"start":{"line":6,"column":4},"end":{"line":6,"column":34}},"2":{"start":{"line":7,"column":4},"end":{"line":7,"column":44}},"3":{"start":{"line":8,"column":22},"end":{"line":13,"column":6}},"4":{"start":{"line":14,"column":38},"end":{"line":14,"column":78}},"5":{"start":{"line":15,"column":4},"end":{"line":15,"column":40}},"6":{"start":{"line":16,"column":4},"end":{"line":16,"column":59}},"7":{"start":{"line":17,"column":4},"end":{"line":17,"column":64}},"8":{"start":{"line":18,"column":4},"end":{"line":18,"column":18}}},"fnMap":{"0":{"name":"renderFullImage","decl":{"start":{"line":4,"column":9},"end":{"line":4,"column":24}},"loc":{"start":{"line":4,"column":43},"end":{"line":19,"column":1}},"line":4}},"branchMap":{},"s":{"0":0,"1":0,"2":0,"3":0,"4":0,"5":0,"6":0,"7":0,"8":0},"f":{"0":0},"b":{},"_coverageSchema":"1a1c01bbd47fc00a2c39e90264f33305004495a9","hash":"31a73bb3df5167a281c9003cdaeda028558919d7"}
,"C:\\EPAM\\full-JS-stack\\src\\modules\\render Gallery\\renderGallery.ts": {"path":"C:\\EPAM\\full-JS-stack\\src\\modules\\render Gallery\\renderGallery.ts","statementMap":{"0":{"start":{"line":12,"column":16},"end":{"line":12,"column":58}},"1":{"start":{"line":13,"column":20},"end":{"line":13,"column":55}},"2":{"start":{"line":15,"column":19},"end":{"line":15,"column":20}},"3":{"start":{"line":18,"column":24},"end":{"line":18,"column":31}},"4":{"start":{"line":19,"column":28},"end":{"line":19,"column":39}},"5":{"start":{"line":21,"column":20},"end":{"line":21,"column":74}},"6":{"start":{"line":24,"column":4},"end":{"line":32,"column":5}},"7":{"start":{"line":25,"column":8},"end":{"line":25,"column":33}},"8":{"start":{"line":27,"column":8},"end":{"line":31,"column":10}},"9":{"start":{"line":34,"column":4},"end":{"line":66,"column":5}},"10":{"start":{"line":35,"column":8},"end":{"line":35,"column":31}},"11":{"start":{"line":36,"column":31},"end":{"line":39,"column":10}},"12":{"start":{"line":40,"column":8},"end":{"line":40,"column":44}},"13":{"start":{"line":41,"column":31},"end":{"line":41,"column":77}},"14":{"start":{"line":42,"column":28},"end":{"line":45,"column":10}},"15":{"start":{"line":46,"column":8},"end":{"line":46,"column":48}},"16":{"start":{"line":47,"column":31},"end":{"line":51,"column":10}},"17":{"start":{"line":52,"column":8},"end":{"line":52,"column":48}},"18":{"start":{"line":53,"column":26},"end":{"line":53,"column":41}},"19":{"start":{"line":54,"column":8},"end":{"line":54,"column":43}},"20":{"start":{"line":55,"column":8},"end":{"line":55,"column":59}},"21":{"start":{"line":56,"column":8},"end":{"line":56,"column":20}},"22":{"start":{"line":57,"column":8},"end":{"line":57,"column":63}},"23":{"start":{"line":58,"column":8},"end":{"line":58,"column":68}},"24":{"start":{"line":60,"column":8},"end":{"line":63,"column":9}},"25":{"start":{"line":61,"column":12},"end":{"line":61,"column":66}},"26":{"start":{"line":62,"column":12},"end":{"line":62,"column":62}},"27":{"start":{"line":65,"column":8},"end":{"line":65,"column":54}}},"fnMap":{"0":{"name":"renderGallery","decl":{"start":{"line":17,"column":22},"end":{"line":17,"column":35}},"loc":{"start":{"line":17,"column":38},"end":{"line":67,"column":1}},"line":17}},"branchMap":{"0":{"loc":{"start":{"line":21,"column":20},"end":{"line":21,"column":74}},"type":"binary-expr","locations":[{"start":{"line":21,"column":20},"end":{"line":21,"column":31}},{"start":{"line":21,"column":35},"end":{"line":21,"column":74}}],"line":21},"1":{"loc":{"start":{"line":24,"column":4},"end":{"line":32,"column":5}},"type":"if","locations":[{"start":{"line":24,"column":4},"end":{"line":32,"column":5}},{"start":{"line":26,"column":11},"end":{"line":32,"column":5}}],"line":24},"2":{"loc":{"start":{"line":60,"column":8},"end":{"line":63,"column":9}},"type":"if","locations":[{"start":{"line":60,"column":8},"end":{"line":63,"column":9}},{"start":{},"end":{}}],"line":60}},"s":{"0":4,"1":4,"2":4,"3":1,"4":1,"5":1,"6":1,"7":0,"8":1,"9":1,"10":1,"11":0,"12":0,"13":0,"14":0,"15":0,"16":0,"17":0,"18":0,"19":0,"20":0,"21":0,"22":0,"23":0,"24":0,"25":0,"26":0,"27":1},"f":{"0":1},"b":{"0":[1,1],"1":[0,1],"2":[0,0]},"_coverageSchema":"1a1c01bbd47fc00a2c39e90264f33305004495a9","hash":"10ef449c787bacb20b21d132da2b12c74207f10a"}
,"C:\\EPAM\\full-JS-stack\\src\\modules\\render Gallery\\renderImage.ts": {"path":"C:\\EPAM\\full-JS-stack\\src\\modules\\render Gallery\\renderImage.ts","statementMap":{"0":{"start":{"line":6,"column":4},"end":{"line":28,"column":5}},"1":{"start":{"line":6,"column":17},"end":{"line":6,"column":18}},"2":{"start":{"line":7,"column":31},"end":{"line":10,"column":10}},"3":{"start":{"line":11,"column":8},"end":{"line":11,"column":44}},"4":{"start":{"line":12,"column":22},"end":{"line":19,"column":10}},"5":{"start":{"line":20,"column":8},"end":{"line":20,"column":43}},"6":{"start":{"line":21,"column":8},"end":{"line":21,"column":42}},"7":{"start":{"line":23,"column":8},"end":{"line":27,"column":11}},"8":{"start":{"line":24,"column":12},"end":{"line":24,"column":53}},"9":{"start":{"line":25,"column":12},"end":{"line":25,"column":76}},"10":{"start":{"line":26,"column":12},"end":{"line":26,"column":55}}},"fnMap":{"0":{"name":"renderImage","decl":{"start":{"line":5,"column":9},"end":{"line":5,"column":20}},"loc":{"start":{"line":5,"column":75},"end":{"line":29,"column":1}},"line":5},"1":{"name":"(anonymous_1)","decl":{"start":{"line":23,"column":40},"end":{"line":23,"column":41}},"loc":{"start":{"line":23,"column":46},"end":{"line":27,"column":9}},"line":23}},"branchMap":{},"s":{"0":0,"1":0,"2":0,"3":0,"4":0,"5":0,"6":0,"7":0,"8":0,"9":0,"10":0},"f":{"0":0,"1":0},"b":{},"_coverageSchema":"1a1c01bbd47fc00a2c39e90264f33305004495a9","hash":"3337d3a399a0cbe999efe62126a3332b956be0ea"}
,"C:\\EPAM\\full-JS-stack\\src\\modules\\render Gallery\\renderModal.ts": {"path":"C:\\EPAM\\full-JS-stack\\src\\modules\\render Gallery\\renderModal.ts","statementMap":{"0":{"start":{"line":8,"column":17},"end":{"line":8,"column":18}},"1":{"start":{"line":10,"column":18},"end":{"line":13,"column":6}},"2":{"start":{"line":15,"column":23},"end":{"line":19,"column":6}},"3":{"start":{"line":20,"column":4},"end":{"line":20,"column":34}},"4":{"start":{"line":22,"column":25},"end":{"line":25,"column":6}},"5":{"start":{"line":26,"column":4},"end":{"line":26,"column":36}},"6":{"start":{"line":28,"column":22},"end":{"line":32,"column":6}},"7":{"start":{"line":33,"column":4},"end":{"line":33,"column":33}},"8":{"start":{"line":34,"column":4},"end":{"line":48,"column":7}},"9":{"start":{"line":35,"column":8},"end":{"line":37,"column":9}},"10":{"start":{"line":36,"column":12},"end":{"line":36,"column":27}},"11":{"start":{"line":38,"column":8},"end":{"line":45,"column":11}},"12":{"start":{"line":46,"column":8},"end":{"line":46,"column":44}},"13":{"start":{"line":47,"column":8},"end":{"line":47,"column":24}},"14":{"start":{"line":50,"column":26},"end":{"line":54,"column":6}},"15":{"start":{"line":55,"column":4},"end":{"line":55,"column":37}},"16":{"start":{"line":56,"column":4},"end":{"line":70,"column":7}},"17":{"start":{"line":57,"column":8},"end":{"line":59,"column":9}},"18":{"start":{"line":58,"column":12},"end":{"line":58,"column":48}},"19":{"start":{"line":60,"column":8},"end":{"line":67,"column":11}},"20":{"start":{"line":68,"column":8},"end":{"line":68,"column":44}},"21":{"start":{"line":69,"column":8},"end":{"line":69,"column":24}},"22":{"start":{"line":72,"column":4},"end":{"line":76,"column":7}},"23":{"start":{"line":73,"column":8},"end":{"line":73,"column":37}},"24":{"start":{"line":74,"column":8},"end":{"line":74,"column":46}},"25":{"start":{"line":75,"column":8},"end":{"line":75,"column":68}},"26":{"start":{"line":77,"column":4},"end":{"line":77,"column":37}}},"fnMap":{"0":{"name":"renderModalWindow","decl":{"start":{"line":9,"column":9},"end":{"line":9,"column":26}},"loc":{"start":{"line":9,"column":60},"end":{"line":78,"column":1}},"line":9},"1":{"name":"(anonymous_1)","decl":{"start":{"line":34,"column":40},"end":{"line":34,"column":41}},"loc":{"start":{"line":34,"column":46},"end":{"line":48,"column":5}},"line":34},"2":{"name":"(anonymous_2)","decl":{"start":{"line":56,"column":44},"end":{"line":56,"column":45}},"loc":{"start":{"line":56,"column":50},"end":{"line":70,"column":5}},"line":56},"3":{"name":"(anonymous_3)","decl":{"start":{"line":72,"column":41},"end":{"line":72,"column":42}},"loc":{"start":{"line":72,"column":47},"end":{"line":76,"column":5}},"line":72}},"branchMap":{"0":{"loc":{"start":{"line":35,"column":8},"end":{"line":37,"column":9}},"type":"if","locations":[{"start":{"line":35,"column":8},"end":{"line":37,"column":9}},{"start":{},"end":{}}],"line":35},"1":{"loc":{"start":{"line":57,"column":8},"end":{"line":59,"column":9}},"type":"if","locations":[{"start":{"line":57,"column":8},"end":{"line":59,"column":9}},{"start":{},"end":{}}],"line":57}},"s":{"0":4,"1":0,"2":0,"3":0,"4":0,"5":0,"6":0,"7":0,"8":0,"9":0,"10":0,"11":0,"12":0,"13":0,"14":0,"15":0,"16":0,"17":0,"18":0,"19":0,"20":0,"21":0,"22":0,"23":0,"24":0,"25":0,"26":0},"f":{"0":0,"1":0,"2":0,"3":0},"b":{"0":[0,0],"1":[0,0]},"_coverageSchema":"1a1c01bbd47fc00a2c39e90264f33305004495a9","hash":"7856edbb278a110d24c616ed5b68fcef4c51dec8"}
,"C:\\EPAM\\full-JS-stack\\src\\modules\\renderAlbums\\renderAlbumElements.ts": {"path":"C:\\EPAM\\full-JS-stack\\src\\modules\\renderAlbums\\renderAlbumElements.ts","statementMap":{"0":{"start":{"line":7,"column":4},"end":{"line":44,"column":5}},"1":{"start":{"line":7,"column":17},"end":{"line":7,"column":18}},"2":{"start":{"line":9,"column":22},"end":{"line":13,"column":10}},"3":{"start":{"line":14,"column":8},"end":{"line":14,"column":41}},"4":{"start":{"line":15,"column":8},"end":{"line":19,"column":11}},"5":{"start":{"line":16,"column":12},"end":{"line":16,"column":31}},"6":{"start":{"line":17,"column":12},"end":{"line":17,"column":33}},"7":{"start":{"line":18,"column":12},"end":{"line":18,"column":54}},"8":{"start":{"line":20,"column":26},"end":{"line":25,"column":10}},"9":{"start":{"line":26,"column":8},"end":{"line":26,"column":37}},"10":{"start":{"line":27,"column":26},"end":{"line":30,"column":10}},"11":{"start":{"line":31,"column":8},"end":{"line":31,"column":37}},"12":{"start":{"line":32,"column":24},"end":{"line":36,"column":10}},"13":{"start":{"line":37,"column":8},"end":{"line":37,"column":39}},"14":{"start":{"line":38,"column":19},"end":{"line":42,"column":10}},"15":{"start":{"line":43,"column":8},"end":{"line":43,"column":34}}},"fnMap":{"0":{"name":"renderAlbumElements","decl":{"start":{"line":6,"column":15},"end":{"line":6,"column":34}},"loc":{"start":{"line":6,"column":75},"end":{"line":45,"column":1}},"line":6},"1":{"name":"(anonymous_1)","decl":{"start":{"line":15,"column":40},"end":{"line":15,"column":41}},"loc":{"start":{"line":15,"column":46},"end":{"line":19,"column":9}},"line":15}},"branchMap":{},"s":{"0":0,"1":0,"2":0,"3":0,"4":0,"5":0,"6":0,"7":0,"8":0,"9":0,"10":0,"11":0,"12":0,"13":0,"14":0,"15":0},"f":{"0":0,"1":0},"b":{},"_coverageSchema":"1a1c01bbd47fc00a2c39e90264f33305004495a9","hash":"4a3558362b891b4f1be33578c4fea6dd9bef36f5"}
,"C:\\EPAM\\full-JS-stack\\src\\modules\\renderAlbums\\renderAlbums.ts": {"path":"C:\\EPAM\\full-JS-stack\\src\\modules\\renderAlbums\\renderAlbums.ts","statementMap":{"0":{"start":{"line":10,"column":16},"end":{"line":10,"column":58}},"1":{"start":{"line":11,"column":20},"end":{"line":11,"column":22}},"2":{"start":{"line":13,"column":4},"end":{"line":45,"column":5}},"3":{"start":{"line":14,"column":8},"end":{"line":14,"column":32}},"4":{"start":{"line":15,"column":32},"end":{"line":17,"column":39}},"5":{"start":{"line":18,"column":25},"end":{"line":21,"column":10}},"6":{"start":{"line":22,"column":8},"end":{"line":22,"column":38}},"7":{"start":{"line":23,"column":27},"end":{"line":27,"column":10}},"8":{"start":{"line":28,"column":8},"end":{"line":28,"column":41}},"9":{"start":{"line":29,"column":32},"end":{"line":33,"column":10}},"10":{"start":{"line":34,"column":8},"end":{"line":34,"column":46}},"11":{"start":{"line":35,"column":30},"end":{"line":38,"column":10}},"12":{"start":{"line":39,"column":8},"end":{"line":39,"column":43}},"13":{"start":{"line":40,"column":8},"end":{"line":40,"column":51}},"14":{"start":{"line":41,"column":8},"end":{"line":41,"column":38}},"15":{"start":{"line":42,"column":8},"end":{"line":42,"column":62}},"16":{"start":{"line":44,"column":8},"end":{"line":44,"column":47}}},"fnMap":{"0":{"name":"renderAlbums","decl":{"start":{"line":12,"column":22},"end":{"line":12,"column":34}},"loc":{"start":{"line":12,"column":37},"end":{"line":46,"column":1}},"line":12}},"branchMap":{},"s":{"0":4,"1":4,"2":1,"3":1,"4":0,"5":0,"6":0,"7":0,"8":0,"9":0,"10":0,"11":0,"12":0,"13":0,"14":0,"15":0,"16":1},"f":{"0":1},"b":{},"_coverageSchema":"1a1c01bbd47fc00a2c39e90264f33305004495a9","hash":"e0ca9b89a9e5e0bf594a410e2be85d01d0f708a0"}
,"C:\\EPAM\\full-JS-stack\\src\\modules\\state\\state.ts": {"path":"C:\\EPAM\\full-JS-stack\\src\\modules\\state\\state.ts","statementMap":{"0":{"start":{"line":13,"column":4},"end":{"line":41,"column":1}},"1":{"start":{"line":18,"column":8},"end":{"line":18,"column":69}},"2":{"start":{"line":21,"column":8},"end":{"line":21,"column":28}},"3":{"start":{"line":24,"column":8},"end":{"line":24,"column":28}},"4":{"start":{"line":26,"column":8},"end":{"line":29,"column":9}},"5":{"start":{"line":27,"column":12},"end":{"line":27,"column":28}},"6":{"start":{"line":28,"column":12},"end":{"line":28,"column":19}},"7":{"start":{"line":30,"column":8},"end":{"line":30,"column":23}},"8":{"start":{"line":33,"column":8},"end":{"line":33,"column":28}},"9":{"start":{"line":36,"column":8},"end":{"line":36,"column":32}},"10":{"start":{"line":39,"column":8},"end":{"line":39,"column":24}},"11":{"start":{"line":43,"column":29},"end":{"line":43,"column":70}},"12":{"start":{"line":43,"column":59},"end":{"line":43,"column":70}},"13":{"start":{"line":44,"column":29},"end":{"line":50,"column":1}},"14":{"start":{"line":48,"column":4},"end":{"line":48,"column":79}},"15":{"start":{"line":51,"column":25},"end":{"line":53,"column":1}},"16":{"start":{"line":52,"column":4},"end":{"line":52,"column":25}},"17":{"start":{"line":54,"column":25},"end":{"line":54,"column":43}},"18":{"start":{"line":54,"column":31},"end":{"line":54,"column":43}},"19":{"start":{"line":56,"column":21},"end":{"line":58,"column":1}},"20":{"start":{"line":57,"column":4},"end":{"line":57,"column":21}},"21":{"start":{"line":59,"column":21},"end":{"line":59,"column":35}},"22":{"start":{"line":59,"column":27},"end":{"line":59,"column":35}},"23":{"start":{"line":60,"column":25},"end":{"line":62,"column":1}},"24":{"start":{"line":61,"column":4},"end":{"line":61,"column":25}},"25":{"start":{"line":63,"column":25},"end":{"line":63,"column":43}},"26":{"start":{"line":63,"column":31},"end":{"line":63,"column":43}}},"fnMap":{"0":{"name":"(anonymous_0)","decl":{"start":{"line":17,"column":4},"end":{"line":17,"column":5}},"loc":{"start":{"line":17,"column":23},"end":{"line":19,"column":5}},"line":17},"1":{"name":"(anonymous_1)","decl":{"start":{"line":20,"column":4},"end":{"line":20,"column":5}},"loc":{"start":{"line":20,"column":17},"end":{"line":22,"column":5}},"line":20},"2":{"name":"(anonymous_2)","decl":{"start":{"line":23,"column":4},"end":{"line":23,"column":5}},"loc":{"start":{"line":23,"column":21},"end":{"line":31,"column":5}},"line":23},"3":{"name":"(anonymous_3)","decl":{"start":{"line":32,"column":4},"end":{"line":32,"column":5}},"loc":{"start":{"line":32,"column":17},"end":{"line":34,"column":5}},"line":32},"4":{"name":"(anonymous_4)","decl":{"start":{"line":35,"column":4},"end":{"line":35,"column":5}},"loc":{"start":{"line":35,"column":17},"end":{"line":37,"column":5}},"line":35},"5":{"name":"(anonymous_5)","decl":{"start":{"line":38,"column":4},"end":{"line":38,"column":5}},"loc":{"start":{"line":38,"column":21},"end":{"line":40,"column":5}},"line":38},"6":{"name":"(anonymous_6)","decl":{"start":{"line":43,"column":29},"end":{"line":43,"column":30}},"loc":{"start":{"line":43,"column":59},"end":{"line":43,"column":70}},"line":43},"7":{"name":"(anonymous_7)","decl":{"start":{"line":44,"column":29},"end":{"line":44,"column":30}},"loc":{"start":{"line":47,"column":5},"end":{"line":50,"column":1}},"line":47},"8":{"name":"(anonymous_8)","decl":{"start":{"line":51,"column":25},"end":{"line":51,"column":26}},"loc":{"start":{"line":51,"column":66},"end":{"line":53,"column":1}},"line":51},"9":{"name":"(anonymous_9)","decl":{"start":{"line":54,"column":25},"end":{"line":54,"column":26}},"loc":{"start":{"line":54,"column":31},"end":{"line":54,"column":43}},"line":54},"10":{"name":"(anonymous_10)","decl":{"start":{"line":56,"column":21},"end":{"line":56,"column":22}},"loc":{"start":{"line":56,"column":47},"end":{"line":58,"column":1}},"line":56},"11":{"name":"(anonymous_11)","decl":{"start":{"line":59,"column":21},"end":{"line":59,"column":22}},"loc":{"start":{"line":59,"column":27},"end":{"line":59,"column":35}},"line":59},"12":{"name":"(anonymous_12)","decl":{"start":{"line":60,"column":25},"end":{"line":60,"column":26}},"loc":{"start":{"line":60,"column":44},"end":{"line":62,"column":1}},"line":60},"13":{"name":"(anonymous_13)","decl":{"start":{"line":63,"column":25},"end":{"line":63,"column":26}},"loc":{"start":{"line":63,"column":31},"end":{"line":63,"column":43}},"line":63}},"branchMap":{"0":{"loc":{"start":{"line":26,"column":8},"end":{"line":29,"column":9}},"type":"if","locations":[{"start":{"line":26,"column":8},"end":{"line":29,"column":9}},{"start":{},"end":{}}],"line":26}},"s":{"0":4,"1":0,"2":1,"3":0,"4":0,"5":0,"6":0,"7":0,"8":0,"9":0,"10":1,"11":4,"12":0,"13":4,"14":0,"15":4,"16":0,"17":4,"18":1,"19":4,"20":0,"21":4,"22":1,"23":4,"24":0,"25":4,"26":0},"f":{"0":0,"1":1,"2":0,"3":0,"4":0,"5":1,"6":0,"7":0,"8":0,"9":1,"10":0,"11":1,"12":0,"13":0},"b":{"0":[0,0]},"_coverageSchema":"1a1c01bbd47fc00a2c39e90264f33305004495a9","hash":"c002ae4402aaf50764d5d3b8b011b4128154bdf9"}
}
