TN:
SF:src\modules\createBtn.ts
FN:4,createBtn
FN:13,(anonymous_1)
FNF:2
FNH:1
FNDA:1,createBtn
FNDA:0,(anonymous_1)
DA:5,1
DA:7,1
DA:12,1
DA:13,1
DA:14,0
DA:15,0
DA:17,1
LF:7
LH:5
BRF:0
BRH:0
end_of_record
TN:
SF:src\modules\createElement.ts
FN:10,createElement
FNF:1
FNH:1
FNDA:8,createElement
DA:11,8
DA:12,4
DA:13,4
DA:14,4
DA:15,2
DA:17,4
DA:18,0
DA:20,4
DA:21,1
DA:23,4
DA:25,4
LF:11
LH:10
BRDA:11,0,0,4
BRDA:11,0,1,4
BRDA:14,1,0,2
BRDA:14,1,1,2
BRDA:17,2,0,0
BRDA:17,2,1,4
BRDA:20,3,0,1
BRDA:20,3,1,3
BRDA:20,4,0,4
BRDA:20,4,1,1
BRF:10
BRH:9
end_of_record
TN:
SF:src\modules\createLoadMoreBtn.ts
FN:3,createLoadMoreBtn
FNF:1
FNH:1
FNDA:1,createLoadMoreBtn
DA:4,1
DA:6,1
DA:11,1
DA:12,1
DA:13,1
LF:5
LH:5
BRF:0
BRH:0
end_of_record
TN:
SF:src\modules\defaultAlbumsAmount.ts
FNF:0
FNH:0
DA:1,4
LF:1
LH:1
BRF:0
BRH:0
end_of_record
TN:
SF:src\modules\enums.ts
FNF:0
FNH:0
LF:0
LH:0
BRF:0
BRH:0
end_of_record
TN:
SF:src\modules\fetchAlbumsInfo.ts
FN:3,fetchAlbumsInfo
FNF:1
FNH:1
FNDA:1,fetchAlbumsInfo
DA:2,4
DA:4,1
DA:5,0
DA:6,0
LF:4
LH:2
BRF:0
BRH:0
end_of_record
TN:
SF:src\modules\getData.ts
FN:1,(anonymous_0)
FNF:1
FNH:1
FNDA:3,(anonymous_0)
DA:1,4
DA:2,3
DA:3,2
DA:4,2
LF:4
LH:4
BRF:0
BRH:0
end_of_record
TN:
SF:src\modules\onLoadMore.ts
FN:7,onLoadMore
FNF:1
FNH:0
FNDA:0,onLoadMore
DA:5,4
DA:8,0
DA:11,0
DA:12,0
DA:17,0
DA:18,0
LF:6
LH:1
BRF:0
BRH:0
end_of_record
TN:
SF:src\modules\renderFullImage.ts
FN:3,renderFullImage
FNF:1
FNH:0
FNDA:0,renderFullImage
DA:4,0
DA:5,0
DA:6,0
DA:7,0
DA:13,0
DA:14,0
DA:15,0
DA:16,0
DA:17,0
LF:9
LH:0
BRF:0
BRH:0
end_of_record
TN:
SF:src\modules\renderGallery.ts
FN:16,renderGallery
FNF:1
FNH:1
FNDA:1,renderGallery
DA:11,4
DA:12,4
DA:14,4
DA:17,1
DA:18,1
DA:20,1
DA:25,1
DA:26,0
DA:28,1
DA:35,1
DA:36,1
DA:37,0
DA:41,0
DA:42,0
DA:43,0
DA:47,0
DA:48,0
DA:53,0
DA:54,0
DA:55,0
DA:56,0
DA:57,0
DA:58,0
DA:59,0
DA:60,0
DA:62,0
DA:63,0
DA:64,0
DA:67,1
LF:29
LH:11
BRDA:20,0,0,0
BRDA:20,0,1,1
BRDA:25,1,0,0
BRDA:25,1,1,1
BRDA:62,2,0,0
BRDA:62,2,1,0
BRF:6
BRH:2
end_of_record
TN:
SF:src\modules\renderImage.ts
FN:4,renderImage
FN:22,(anonymous_1)
FNF:2
FNH:0
FNDA:0,renderImage
FNDA:0,(anonymous_1)
DA:5,0
DA:6,0
DA:10,0
DA:11,0
DA:19,0
DA:20,0
DA:22,0
DA:23,0
DA:24,0
DA:25,0
LF:10
LH:0
BRF:0
BRH:0
end_of_record
TN:
SF:src\modules\renderModal.ts
FN:9,renderModalWindow
FN:35,(anonymous_1)
FN:57,(anonymous_2)
FN:73,(anonymous_3)
FNF:4
FNH:0
FNDA:0,renderModalWindow
FNDA:0,(anonymous_1)
FNDA:0,(anonymous_2)
FNDA:0,(anonymous_3)
DA:8,4
DA:10,0
DA:11,0
DA:16,0
DA:21,0
DA:23,0
DA:27,0
DA:29,0
DA:34,0
DA:35,0
DA:36,0
DA:37,0
DA:39,0
DA:47,0
DA:48,0
DA:51,0
DA:56,0
DA:57,0
DA:58,0
DA:59,0
DA:61,0
DA:69,0
DA:70,0
DA:73,0
DA:74,0
DA:75,0
DA:76,0
DA:78,0
LF:28
LH:1
BRDA:36,0,0,0
BRDA:36,0,1,0
BRDA:58,1,0,0
BRDA:58,1,1,0
BRF:4
BRH:0
end_of_record
TN:
SF:src\modules\setThumbnailSource.ts
FN:4,setThumbnailSource
FNF:1
FNH:0
FNDA:0,setThumbnailSource
DA:5,0
DA:9,0
DA:10,0
DA:11,0
DA:12,0
DA:14,0
LF:6
LH:0
BRDA:11,0,0,0
BRDA:11,0,1,0
BRF:2
BRH:0
end_of_record
TN:
SF:src\modules\shiftNextImageSrc.ts
FN:3,shiftNextImgSrc
FNF:1
FNH:1
FNDA:1,shiftNextImgSrc
DA:4,1
LF:1
LH:1
BRF:0
BRH:0
end_of_record
TN:
SF:src\modules\shiftPrevImageSrc.ts
FN:2,shiftPrevImgSrc
FNF:1
FNH:1
FNDA:1,shiftPrevImgSrc
DA:3,1
LF:1
LH:1
BRF:0
BRH:0
end_of_record
TN:
SF:src\modules\state.ts
FN:16,(anonymous_0)
FN:19,(anonymous_1)
FN:22,(anonymous_2)
FN:31,(anonymous_3)
FN:34,(anonymous_4)
FN:37,(anonymous_5)
FN:42,(anonymous_6)
FN:43,(anonymous_7)
FN:50,(anonymous_8)
FN:53,(anonymous_9)
FN:55,(anonymous_10)
FN:58,(anonymous_11)
FN:59,(anonymous_12)
FN:62,(anonymous_13)
FNF:14
FNH:4
FNDA:0,(anonymous_0)
FNDA:1,(anonymous_1)
FNDA:0,(anonymous_2)
FNDA:0,(anonymous_3)
FNDA:0,(anonymous_4)
FNDA:1,(anonymous_5)
FNDA:0,(anonymous_6)
FNDA:0,(anonymous_7)
FNDA:0,(anonymous_8)
FNDA:1,(anonymous_9)
FNDA:0,(anonymous_10)
FNDA:1,(anonymous_11)
FNDA:0,(anonymous_12)
FNDA:0,(anonymous_13)
DA:12,4
DA:17,0
DA:20,1
DA:23,0
DA:25,0
DA:26,0
DA:27,0
DA:29,0
DA:32,0
DA:35,0
DA:38,1
DA:42,4
DA:43,4
DA:47,0
DA:50,4
DA:51,0
DA:53,4
DA:55,4
DA:56,0
DA:58,4
DA:59,4
DA:60,0
DA:62,4
LF:23
LH:11
BRDA:25,0,0,0
BRDA:25,0,1,0
BRF:2
BRH:0
end_of_record
TN:
SF:src\modules\useCorrectIDfromArray.ts
FN:1,useCorrectIDfromArray
FNF:1
FNH:0
FNDA:0,useCorrectIDfromArray
DA:2,0
LF:1
LH:0
BRF:0
BRH:0
end_of_record
TN:
SF:src\modules\renderAlbums\renderAlbumElements.ts
FN:6,renderAlbumElements
FN:15,(anonymous_1)
FNF:2
FNH:0
FNDA:0,renderAlbumElements
FNDA:0,(anonymous_1)
DA:7,0
DA:9,0
DA:14,0
DA:15,0
DA:16,0
DA:17,0
DA:18,0
DA:20,0
DA:26,0
DA:27,0
DA:31,0
DA:32,0
DA:37,0
DA:38,0
DA:43,0
LF:15
LH:0
BRF:0
BRH:0
end_of_record
TN:
SF:src\modules\renderAlbums\renderAlbums.ts
FN:12,renderAlbums
FNF:1
FNH:1
FNDA:1,renderAlbums
DA:10,4
DA:11,4
DA:13,1
DA:14,1
DA:15,0
DA:18,0
DA:22,0
DA:23,0
DA:28,0
DA:29,0
DA:34,0
DA:35,0
DA:39,0
DA:40,0
DA:41,0
DA:42,0
DA:44,1
LF:17
LH:5
BRF:0
BRH:0
end_of_record
